<?xml version="1.0" encoding="UTF-8"?>
<!-- Generated by org.testng.reporters.JUnitXMLReporter -->
<testsuite ignored="0" hostname="HCLLMDU0258" failures="0" tests="0" name="ChromeTest" time="0.043" errors="0" timestamp="2025-04-18T12:46:41 IST">
  <testcase classname="Base.DemoBlazeWebPage" name="@BeforeClass testDetails" time="0.003">
    <failure type="java.lang.IllegalArgumentException" message="Test name must not be null or empty">
      <![CDATA[java.lang.IllegalArgumentException: Test name must not be null or empty
at com.aventstack.extentreports.util.Assert.notEmpty(Assert.java:12)
at com.aventstack.extentreports.ExtentTest.<init>(ExtentTest.java:97)
at com.aventstack.extentreports.ExtentTest.<init>(ExtentTest.java:118)
at com.aventstack.extentreports.ExtentReports.createTest(ExtentReports.java:231)
at Base.DemoBlazeWebPage.testDetails(DemoBlazeWebPage.java:34)
at java.base/java.util.ArrayList.forEach(ArrayList.java:1596)
... Removed 23 stack frames]]>
    </failure>
  </testcase> <!-- @BeforeClass testDetails -->
</testsuite> <!-- ChromeTest -->
